13/03/2013 18:20:44.609 INFO  [log] This standard log is written by thread #1
13/03/2013 18:20:44.609 INFO  [log] This standard log is written by thread #3
13/03/2013 18:20:44.609 INFO  [log] This standard log is written by thread #2
13/03/2013 18:20:44.610 VER-2  [log] This is verbose level 2 logging from thread #1
13/03/2013 18:20:44.610 VER-2  [log] This is verbose level 2 logging from thread #2
13/03/2013 18:20:44.610 VER-2  [log] This is verbose level 2 logging from thread #3
13/03/2013 18:20:44.610 WARN  [log] This will be logged only once from thread who every reaches this line first. Currently running from thread #2
13/03/2013 18:20:44.610 VER-2  [log] Verbose condition
13/03/2013 18:20:44.610 VER-2  [log] Verbose condition
13/03/2013 18:20:44.610 VER-3  [log] Verbose level 3 log every 4th time. This is at 1 from thread #2
13/03/2013 18:20:44.610 VER-2  [log] Verbose condition
13/03/2013 18:20:44.610 VER-2  [log] Verbose condition
13/03/2013 18:20:44.610 VER-2  [log] Verbose condition
13/03/2013 18:20:44.610 VER-2  [log] Verbose condition
13/03/2013 18:20:44.610 VER-3  [log] Verbose level 3 log every 4th time. This is at 2 from thread #2
13/03/2013 18:20:44.610 VER-3  [log] Verbose level 3 log every 4th time. This is at 1 from thread #3
13/03/2013 18:20:44.610 VER-2  [log] Verbose condition
13/03/2013 18:20:44.611 VER-2  [log] Verbose condition
13/03/2013 18:20:44.611 VER-3  [log] Verbose level 3 log every 4th time. This is at 4 from thread #1
13/03/2013 18:20:44.611 VER-2  [log] Verbose condition
13/03/2013 18:20:44.611 VER-2  [log] Verbose condition
13/03/2013 18:20:44.611 VER-3  [log] Verbose level 3 log every 4th time. This is at 5 from thread #1
13/03/2013 18:20:44.611 VER-2  [log] Verbose condition
13/03/2013 18:20:44.611 VER-2  [log] Verbose condition
13/03/2013 18:20:44.611 VER-2  [log] Verbose condition
13/03/2013 18:20:44.611 VER-3  [log] Verbose level 3 log every 4th time. This is at 3 from thread #3
13/03/2013 18:20:44.611 VER-2  [log] Verbose condition
13/03/2013 18:20:44.611 VER-2  [log] Verbose condition
13/03/2013 18:20:44.611 VER-3  [log] Verbose level 3 log every 4th time. This is at 7 from thread #1
13/03/2013 18:20:44.611 VER-2  [log] Verbose condition
13/03/2013 18:20:44.611 VER-2  [log] Verbose condition
13/03/2013 18:20:44.611 VER-2  [log] Verbose condition
13/03/2013 18:20:44.611 VER-3  [log] Verbose level 3 log every 4th time. This is at 8 from thread #1
13/03/2013 18:20:44.611 VER-3  [log] Verbose level 3 log every 4th time. This is at 5 from thread #2
13/03/2013 18:20:44.611 VER-2  [log] Verbose condition
13/03/2013 18:20:44.611 VER-2  [log] Verbose condition
13/03/2013 18:20:44.612 VER-2  [log] Verbose condition
13/03/2013 18:20:44.612 VER-2  [log] Verbose condition
13/03/2013 18:20:44.612 VER-3  [log] Verbose level 3 log every 4th time. This is at 6 from thread #2
13/03/2013 18:20:44.612 VER-3  [log] Verbose level 3 log every 4th time. This is at 6 from thread #3
13/03/2013 18:20:44.612 INFO  [log] This interval log will be logged with every thread, this one is from thread #1
13/03/2013 18:20:44.612 VER-2  [log] Verbose condition
13/03/2013 18:20:44.612 VER-2  [log] Verbose condition
13/03/2013 18:20:44.612 VER-2  [log] Verbose condition
13/03/2013 18:20:44.612 VER-3  [log] Verbose level 3 log every 4th time. This is at 7 from thread #2
13/03/2013 18:20:44.612 VER-2  [log] Verbose condition
13/03/2013 18:20:44.612 VER-2  [log] Verbose condition
13/03/2013 18:20:44.612 VER-3  [log] Verbose level 3 log every 4th time. This is at 8 from thread #2
13/03/2013 18:20:44.612 VER-2  [log] Verbose condition
13/03/2013 18:20:44.612 VER-2  [log] Verbose condition
13/03/2013 18:20:44.612 VER-3  [log] Verbose level 3 log every 4th time. This is at 9 from thread #2
13/03/2013 18:20:44.612 VER-2  [log] Verbose condition
13/03/2013 18:20:44.612 INFO  [log] This interval log will be logged with every thread, this one is from thread #3
13/03/2013 18:20:44.612 VER-3  [log] Verbose level 3 log every 4th time. This is at 10 from thread #2
13/03/2013 18:20:44.612 INFO  [log] This interval log will be logged with every thread, this one is from thread #2
13/03/2013 18:20:44.612 INFO  [log] This log is only for thread 2 and is ran by thread #2
